<?xml version="1.0" encoding="UTF-8"?>
<testsuite xmlns:xsi="http://www.w3.org/2001/XMLSchema-instance" xsi:noNamespaceSchemaLocation="https://maven.apache.org/surefire/maven-surefire-plugin/xsd/surefire-test-report-3.0.xsd" version="3.0" name="TestSuite" time="7.941" tests="3" errors="0" skipped="0" failures="2">
  <properties>
    <property name="java.specification.version" value="18"/>
    <property name="webdriver.chrome.driver" value="/Users/harishkasam/Documents/Vaishnavi/Selenium-Framework/SeleniumFramework/src/test/resources/executables/chromedriver"/>
    <property name="sun.jnu.encoding" value="UTF-8"/>
    <property name="java.class.path" value="/Users/harishkasam/Documents/Vaishnavi/Selenium-Framework/SeleniumFramework/target/test-classes:/Users/harishkasam/Documents/Vaishnavi/Selenium-Framework/SeleniumFramework/target/classes:/Users/harishkasam/.m2/repository/org/testng/testng/7.6.1/testng-7.6.1.jar:/Users/harishkasam/.m2/repository/com/google/code/findbugs/jsr305/3.0.2/jsr305-3.0.2.jar:/Users/harishkasam/.m2/repository/org/slf4j/slf4j-api/1.7.36/slf4j-api-1.7.36.jar:/Users/harishkasam/.m2/repository/com/beust/jcommander/1.82/jcommander-1.82.jar:/Users/harishkasam/.m2/repository/org/webjars/jquery/3.6.0/jquery-3.6.0.jar:/Users/harishkasam/.m2/repository/io/github/bonigarcia/webdrivermanager/5.2.3/webdrivermanager-5.2.3.jar:/Users/harishkasam/.m2/repository/com/google/code/gson/gson/2.9.1/gson-2.9.1.jar:/Users/harishkasam/.m2/repository/com/github/docker-java/docker-java/3.2.13/docker-java-3.2.13.jar:/Users/harishkasam/.m2/repository/com/github/docker-java/docker-java-core/3.2.13/docker-java-core-3.2.13.jar:/Users/harishkasam/.m2/repository/com/github/docker-java/docker-java-api/3.2.13/docker-java-api-3.2.13.jar:/Users/harishkasam/.m2/repository/com/fasterxml/jackson/core/jackson-annotations/2.10.3/jackson-annotations-2.10.3.jar:/Users/harishkasam/.m2/repository/commons-io/commons-io/2.6/commons-io-2.6.jar:/Users/harishkasam/.m2/repository/org/apache/commons/commons-compress/1.21/commons-compress-1.21.jar:/Users/harishkasam/.m2/repository/com/fasterxml/jackson/core/jackson-databind/2.10.3/jackson-databind-2.10.3.jar:/Users/harishkasam/.m2/repository/com/fasterxml/jackson/core/jackson-core/2.10.3/jackson-core-2.10.3.jar:/Users/harishkasam/.m2/repository/org/bouncycastle/bcpkix-jdk15on/1.64/bcpkix-jdk15on-1.64.jar:/Users/harishkasam/.m2/repository/org/bouncycastle/bcprov-jdk15on/1.64/bcprov-jdk15on-1.64.jar:/Users/harishkasam/.m2/repository/org/slf4j/jcl-over-slf4j/1.7.30/jcl-over-slf4j-1.7.30.jar:/Users/harishkasam/.m2/repository/com/github/docker-java/docker-java-transport-httpclient5/3.2.13/docker-java-transport-httpclient5-3.2.13.jar:/Users/harishkasam/.m2/repository/com/github/docker-java/docker-java-transport/3.2.13/docker-java-transport-3.2.13.jar:/Users/harishkasam/.m2/repository/net/java/dev/jna/jna/5.8.0/jna-5.8.0.jar:/Users/harishkasam/.m2/repository/org/brotli/dec/0.1.2/dec-0.1.2.jar:/Users/harishkasam/.m2/repository/org/apache/commons/commons-lang3/3.12.0/commons-lang3-3.12.0.jar:/Users/harishkasam/.m2/repository/org/apache/httpcomponents/client5/httpclient5/5.1.3/httpclient5-5.1.3.jar:/Users/harishkasam/.m2/repository/org/apache/httpcomponents/core5/httpcore5/5.1.3/httpcore5-5.1.3.jar:/Users/harishkasam/.m2/repository/org/apache/httpcomponents/core5/httpcore5-h2/5.1.3/httpcore5-h2-5.1.3.jar:/Users/harishkasam/.m2/repository/commons-codec/commons-codec/1.15/commons-codec-1.15.jar:/Users/harishkasam/.m2/repository/org/seleniumhq/selenium/selenium-java/4.2.1/selenium-java-4.2.1.jar:/Users/harishkasam/.m2/repository/org/seleniumhq/selenium/selenium-api/4.2.1/selenium-api-4.2.1.jar:/Users/harishkasam/.m2/repository/org/seleniumhq/selenium/selenium-chrome-driver/4.2.1/selenium-chrome-driver-4.2.1.jar:/Users/harishkasam/.m2/repository/com/google/auto/service/auto-service-annotations/1.0.1/auto-service-annotations-1.0.1.jar:/Users/harishkasam/.m2/repository/com/google/auto/service/auto-service/1.0.1/auto-service-1.0.1.jar:/Users/harishkasam/.m2/repository/com/google/auto/auto-common/1.2/auto-common-1.2.jar:/Users/harishkasam/.m2/repository/com/google/guava/guava/31.1-jre/guava-31.1-jre.jar:/Users/harishkasam/.m2/repository/com/google/guava/failureaccess/1.0.1/failureaccess-1.0.1.jar:/Users/harishkasam/.m2/repository/com/google/guava/listenablefuture/9999.0-empty-to-avoid-conflict-with-guava/listenablefuture-9999.0-empty-to-avoid-conflict-with-guava.jar:/Users/harishkasam/.m2/repository/org/checkerframework/checker-qual/3.12.0/checker-qual-3.12.0.jar:/Users/harishkasam/.m2/repository/com/google/errorprone/error_prone_annotations/2.11.0/error_prone_annotations-2.11.0.jar:/Users/harishkasam/.m2/repository/com/google/j2objc/j2objc-annotations/1.3/j2objc-annotations-1.3.jar:/Users/harishkasam/.m2/repository/org/seleniumhq/selenium/selenium-chromium-driver/4.2.1/selenium-chromium-driver-4.2.1.jar:/Users/harishkasam/.m2/repository/org/seleniumhq/selenium/selenium-json/4.2.1/selenium-json-4.2.1.jar:/Users/harishkasam/.m2/repository/org/seleniumhq/selenium/selenium-devtools-v100/4.2.1/selenium-devtools-v100-4.2.1.jar:/Users/harishkasam/.m2/repository/org/seleniumhq/selenium/selenium-devtools-v101/4.2.1/selenium-devtools-v101-4.2.1.jar:/Users/harishkasam/.m2/repository/org/seleniumhq/selenium/selenium-devtools-v102/4.2.1/selenium-devtools-v102-4.2.1.jar:/Users/harishkasam/.m2/repository/org/seleniumhq/selenium/selenium-devtools-v85/4.2.1/selenium-devtools-v85-4.2.1.jar:/Users/harishkasam/.m2/repository/org/seleniumhq/selenium/selenium-edge-driver/4.2.1/selenium-edge-driver-4.2.1.jar:/Users/harishkasam/.m2/repository/org/seleniumhq/selenium/selenium-firefox-driver/4.2.1/selenium-firefox-driver-4.2.1.jar:/Users/harishkasam/.m2/repository/org/seleniumhq/selenium/selenium-ie-driver/4.2.1/selenium-ie-driver-4.2.1.jar:/Users/harishkasam/.m2/repository/org/seleniumhq/selenium/selenium-opera-driver/4.2.1/selenium-opera-driver-4.2.1.jar:/Users/harishkasam/.m2/repository/org/seleniumhq/selenium/selenium-remote-driver/4.2.1/selenium-remote-driver-4.2.1.jar:/Users/harishkasam/.m2/repository/io/netty/netty-buffer/4.1.77.Final/netty-buffer-4.1.77.Final.jar:/Users/harishkasam/.m2/repository/io/netty/netty-codec-http/4.1.77.Final/netty-codec-http-4.1.77.Final.jar:/Users/harishkasam/.m2/repository/io/netty/netty-codec/4.1.77.Final/netty-codec-4.1.77.Final.jar:/Users/harishkasam/.m2/repository/io/netty/netty-handler/4.1.77.Final/netty-handler-4.1.77.Final.jar:/Users/harishkasam/.m2/repository/io/netty/netty-common/4.1.77.Final/netty-common-4.1.77.Final.jar:/Users/harishkasam/.m2/repository/io/netty/netty-transport-classes-epoll/4.1.77.Final/netty-transport-classes-epoll-4.1.77.Final.jar:/Users/harishkasam/.m2/repository/io/netty/netty-transport-classes-kqueue/4.1.77.Final/netty-transport-classes-kqueue-4.1.77.Final.jar:/Users/harishkasam/.m2/repository/io/netty/netty-transport-native-epoll/4.1.77.Final/netty-transport-native-epoll-4.1.77.Final.jar:/Users/harishkasam/.m2/repository/io/netty/netty-transport-native-kqueue/4.1.77.Final/netty-transport-native-kqueue-4.1.77.Final.jar:/Users/harishkasam/.m2/repository/io/netty/netty-transport-native-unix-common/4.1.77.Final/netty-transport-native-unix-common-4.1.77.Final.jar:/Users/harishkasam/.m2/repository/io/netty/netty-transport/4.1.77.Final/netty-transport-4.1.77.Final.jar:/Users/harishkasam/.m2/repository/io/netty/netty-resolver/4.1.77.Final/netty-resolver-4.1.77.Final.jar:/Users/harishkasam/.m2/repository/io/opentelemetry/opentelemetry-api/1.14.0/opentelemetry-api-1.14.0.jar:/Users/harishkasam/.m2/repository/io/opentelemetry/opentelemetry-context/1.14.0/opentelemetry-context-1.14.0.jar:/Users/harishkasam/.m2/repository/io/opentelemetry/opentelemetry-exporter-logging/1.14.0/opentelemetry-exporter-logging-1.14.0.jar:/Users/harishkasam/.m2/repository/io/opentelemetry/opentelemetry-sdk-metrics/1.14.0/opentelemetry-sdk-metrics-1.14.0.jar:/Users/harishkasam/.m2/repository/io/opentelemetry/opentelemetry-sdk-logs/1.14.0-alpha/opentelemetry-sdk-logs-1.14.0-alpha.jar:/Users/harishkasam/.m2/repository/io/opentelemetry/opentelemetry-sdk-common/1.14.0/opentelemetry-sdk-common-1.14.0.jar:/Users/harishkasam/.m2/repository/io/opentelemetry/opentelemetry-sdk-extension-autoconfigure-spi/1.14.0/opentelemetry-sdk-extension-autoconfigure-spi-1.14.0.jar:/Users/harishkasam/.m2/repository/io/opentelemetry/opentelemetry-sdk-extension-autoconfigure/1.14.0-alpha/opentelemetry-sdk-extension-autoconfigure-1.14.0-alpha.jar:/Users/harishkasam/.m2/repository/io/opentelemetry/opentelemetry-sdk-trace/1.14.0/opentelemetry-sdk-trace-1.14.0.jar:/Users/harishkasam/.m2/repository/io/opentelemetry/opentelemetry-sdk/1.14.0/opentelemetry-sdk-1.14.0.jar:/Users/harishkasam/.m2/repository/io/opentelemetry/opentelemetry-semconv/1.14.0-alpha/opentelemetry-semconv-1.14.0-alpha.jar:/Users/harishkasam/.m2/repository/io/ous/jtoml/2.0.0/jtoml-2.0.0.jar:/Users/harishkasam/.m2/repository/net/bytebuddy/byte-buddy/1.12.10/byte-buddy-1.12.10.jar:/Users/harishkasam/.m2/repository/org/apache/commons/commons-exec/1.3/commons-exec-1.3.jar:/Users/harishkasam/.m2/repository/org/asynchttpclient/async-http-client/2.12.3/async-http-client-2.12.3.jar:/Users/harishkasam/.m2/repository/org/asynchttpclient/async-http-client-netty-utils/2.12.3/async-http-client-netty-utils-2.12.3.jar:/Users/harishkasam/.m2/repository/io/netty/netty-codec-socks/4.1.60.Final/netty-codec-socks-4.1.60.Final.jar:/Users/harishkasam/.m2/repository/io/netty/netty-handler-proxy/4.1.60.Final/netty-handler-proxy-4.1.60.Final.jar:/Users/harishkasam/.m2/repository/io/netty/netty-transport-native-epoll/4.1.60.Final/netty-transport-native-epoll-4.1.60.Final-linux-x86_64.jar:/Users/harishkasam/.m2/repository/io/netty/netty-transport-native-kqueue/4.1.60.Final/netty-transport-native-kqueue-4.1.60.Final-osx-x86_64.jar:/Users/harishkasam/.m2/repository/org/reactivestreams/reactive-streams/1.0.3/reactive-streams-1.0.3.jar:/Users/harishkasam/.m2/repository/com/typesafe/netty/netty-reactive-streams/2.0.4/netty-reactive-streams-2.0.4.jar:/Users/harishkasam/.m2/repository/com/sun/activation/jakarta.activation/1.2.2/jakarta.activation-1.2.2.jar:/Users/harishkasam/.m2/repository/org/seleniumhq/selenium/selenium-http/4.2.1/selenium-http-4.2.1.jar:/Users/harishkasam/.m2/repository/dev/failsafe/failsafe/3.2.4/failsafe-3.2.4.jar:/Users/harishkasam/.m2/repository/org/seleniumhq/selenium/selenium-safari-driver/4.2.1/selenium-safari-driver-4.2.1.jar:/Users/harishkasam/.m2/repository/org/seleniumhq/selenium/selenium-support/4.2.1/selenium-support-4.2.1.jar:"/>
    <property name="java.vm.vendor" value="Homebrew"/>
    <property name="sun.arch.data.model" value="64"/>
    <property name="java.vendor.url" value="https://github.com/Homebrew/homebrew-core/issues"/>
    <property name="user.timezone" value="America/Detroit"/>
    <property name="os.name" value="Mac OS X"/>
    <property name="java.vm.specification.version" value="18"/>
    <property name="sun.java.launcher" value="SUN_STANDARD"/>
    <property name="user.country" value="US"/>
    <property name="sun.boot.library.path" value="/usr/local/Cellar/openjdk/18/libexec/openjdk.jdk/Contents/Home/lib"/>
    <property name="sun.java.command" value="/Users/harishkasam/Documents/Vaishnavi/Selenium-Framework/SeleniumFramework/target/surefire/surefirebooter-20220804155730087_3.jar /Users/harishkasam/Documents/Vaishnavi/Selenium-Framework/SeleniumFramework/target/surefire 2022-08-04T15-57-29_800-jvmRun1 surefire-20220804155730087_1tmp surefire_0-20220804155730087_2tmp"/>
    <property name="http.nonProxyHosts" value="local|*.local|169.254/16|*.169.254/16"/>
    <property name="jdk.debug" value="release"/>
    <property name="surefire.test.class.path" value="/Users/harishkasam/Documents/Vaishnavi/Selenium-Framework/SeleniumFramework/target/test-classes:/Users/harishkasam/Documents/Vaishnavi/Selenium-Framework/SeleniumFramework/target/classes:/Users/harishkasam/.m2/repository/org/testng/testng/7.6.1/testng-7.6.1.jar:/Users/harishkasam/.m2/repository/com/google/code/findbugs/jsr305/3.0.2/jsr305-3.0.2.jar:/Users/harishkasam/.m2/repository/org/slf4j/slf4j-api/1.7.36/slf4j-api-1.7.36.jar:/Users/harishkasam/.m2/repository/com/beust/jcommander/1.82/jcommander-1.82.jar:/Users/harishkasam/.m2/repository/org/webjars/jquery/3.6.0/jquery-3.6.0.jar:/Users/harishkasam/.m2/repository/io/github/bonigarcia/webdrivermanager/5.2.3/webdrivermanager-5.2.3.jar:/Users/harishkasam/.m2/repository/com/google/code/gson/gson/2.9.1/gson-2.9.1.jar:/Users/harishkasam/.m2/repository/com/github/docker-java/docker-java/3.2.13/docker-java-3.2.13.jar:/Users/harishkasam/.m2/repository/com/github/docker-java/docker-java-core/3.2.13/docker-java-core-3.2.13.jar:/Users/harishkasam/.m2/repository/com/github/docker-java/docker-java-api/3.2.13/docker-java-api-3.2.13.jar:/Users/harishkasam/.m2/repository/com/fasterxml/jackson/core/jackson-annotations/2.10.3/jackson-annotations-2.10.3.jar:/Users/harishkasam/.m2/repository/commons-io/commons-io/2.6/commons-io-2.6.jar:/Users/harishkasam/.m2/repository/org/apache/commons/commons-compress/1.21/commons-compress-1.21.jar:/Users/harishkasam/.m2/repository/com/fasterxml/jackson/core/jackson-databind/2.10.3/jackson-databind-2.10.3.jar:/Users/harishkasam/.m2/repository/com/fasterxml/jackson/core/jackson-core/2.10.3/jackson-core-2.10.3.jar:/Users/harishkasam/.m2/repository/org/bouncycastle/bcpkix-jdk15on/1.64/bcpkix-jdk15on-1.64.jar:/Users/harishkasam/.m2/repository/org/bouncycastle/bcprov-jdk15on/1.64/bcprov-jdk15on-1.64.jar:/Users/harishkasam/.m2/repository/org/slf4j/jcl-over-slf4j/1.7.30/jcl-over-slf4j-1.7.30.jar:/Users/harishkasam/.m2/repository/com/github/docker-java/docker-java-transport-httpclient5/3.2.13/docker-java-transport-httpclient5-3.2.13.jar:/Users/harishkasam/.m2/repository/com/github/docker-java/docker-java-transport/3.2.13/docker-java-transport-3.2.13.jar:/Users/harishkasam/.m2/repository/net/java/dev/jna/jna/5.8.0/jna-5.8.0.jar:/Users/harishkasam/.m2/repository/org/brotli/dec/0.1.2/dec-0.1.2.jar:/Users/harishkasam/.m2/repository/org/apache/commons/commons-lang3/3.12.0/commons-lang3-3.12.0.jar:/Users/harishkasam/.m2/repository/org/apache/httpcomponents/client5/httpclient5/5.1.3/httpclient5-5.1.3.jar:/Users/harishkasam/.m2/repository/org/apache/httpcomponents/core5/httpcore5/5.1.3/httpcore5-5.1.3.jar:/Users/harishkasam/.m2/repository/org/apache/httpcomponents/core5/httpcore5-h2/5.1.3/httpcore5-h2-5.1.3.jar:/Users/harishkasam/.m2/repository/commons-codec/commons-codec/1.15/commons-codec-1.15.jar:/Users/harishkasam/.m2/repository/org/seleniumhq/selenium/selenium-java/4.2.1/selenium-java-4.2.1.jar:/Users/harishkasam/.m2/repository/org/seleniumhq/selenium/selenium-api/4.2.1/selenium-api-4.2.1.jar:/Users/harishkasam/.m2/repository/org/seleniumhq/selenium/selenium-chrome-driver/4.2.1/selenium-chrome-driver-4.2.1.jar:/Users/harishkasam/.m2/repository/com/google/auto/service/auto-service-annotations/1.0.1/auto-service-annotations-1.0.1.jar:/Users/harishkasam/.m2/repository/com/google/auto/service/auto-service/1.0.1/auto-service-1.0.1.jar:/Users/harishkasam/.m2/repository/com/google/auto/auto-common/1.2/auto-common-1.2.jar:/Users/harishkasam/.m2/repository/com/google/guava/guava/31.1-jre/guava-31.1-jre.jar:/Users/harishkasam/.m2/repository/com/google/guava/failureaccess/1.0.1/failureaccess-1.0.1.jar:/Users/harishkasam/.m2/repository/com/google/guava/listenablefuture/9999.0-empty-to-avoid-conflict-with-guava/listenablefuture-9999.0-empty-to-avoid-conflict-with-guava.jar:/Users/harishkasam/.m2/repository/org/checkerframework/checker-qual/3.12.0/checker-qual-3.12.0.jar:/Users/harishkasam/.m2/repository/com/google/errorprone/error_prone_annotations/2.11.0/error_prone_annotations-2.11.0.jar:/Users/harishkasam/.m2/repository/com/google/j2objc/j2objc-annotations/1.3/j2objc-annotations-1.3.jar:/Users/harishkasam/.m2/repository/org/seleniumhq/selenium/selenium-chromium-driver/4.2.1/selenium-chromium-driver-4.2.1.jar:/Users/harishkasam/.m2/repository/org/seleniumhq/selenium/selenium-json/4.2.1/selenium-json-4.2.1.jar:/Users/harishkasam/.m2/repository/org/seleniumhq/selenium/selenium-devtools-v100/4.2.1/selenium-devtools-v100-4.2.1.jar:/Users/harishkasam/.m2/repository/org/seleniumhq/selenium/selenium-devtools-v101/4.2.1/selenium-devtools-v101-4.2.1.jar:/Users/harishkasam/.m2/repository/org/seleniumhq/selenium/selenium-devtools-v102/4.2.1/selenium-devtools-v102-4.2.1.jar:/Users/harishkasam/.m2/repository/org/seleniumhq/selenium/selenium-devtools-v85/4.2.1/selenium-devtools-v85-4.2.1.jar:/Users/harishkasam/.m2/repository/org/seleniumhq/selenium/selenium-edge-driver/4.2.1/selenium-edge-driver-4.2.1.jar:/Users/harishkasam/.m2/repository/org/seleniumhq/selenium/selenium-firefox-driver/4.2.1/selenium-firefox-driver-4.2.1.jar:/Users/harishkasam/.m2/repository/org/seleniumhq/selenium/selenium-ie-driver/4.2.1/selenium-ie-driver-4.2.1.jar:/Users/harishkasam/.m2/repository/org/seleniumhq/selenium/selenium-opera-driver/4.2.1/selenium-opera-driver-4.2.1.jar:/Users/harishkasam/.m2/repository/org/seleniumhq/selenium/selenium-remote-driver/4.2.1/selenium-remote-driver-4.2.1.jar:/Users/harishkasam/.m2/repository/io/netty/netty-buffer/4.1.77.Final/netty-buffer-4.1.77.Final.jar:/Users/harishkasam/.m2/repository/io/netty/netty-codec-http/4.1.77.Final/netty-codec-http-4.1.77.Final.jar:/Users/harishkasam/.m2/repository/io/netty/netty-codec/4.1.77.Final/netty-codec-4.1.77.Final.jar:/Users/harishkasam/.m2/repository/io/netty/netty-handler/4.1.77.Final/netty-handler-4.1.77.Final.jar:/Users/harishkasam/.m2/repository/io/netty/netty-common/4.1.77.Final/netty-common-4.1.77.Final.jar:/Users/harishkasam/.m2/repository/io/netty/netty-transport-classes-epoll/4.1.77.Final/netty-transport-classes-epoll-4.1.77.Final.jar:/Users/harishkasam/.m2/repository/io/netty/netty-transport-classes-kqueue/4.1.77.Final/netty-transport-classes-kqueue-4.1.77.Final.jar:/Users/harishkasam/.m2/repository/io/netty/netty-transport-native-epoll/4.1.77.Final/netty-transport-native-epoll-4.1.77.Final.jar:/Users/harishkasam/.m2/repository/io/netty/netty-transport-native-kqueue/4.1.77.Final/netty-transport-native-kqueue-4.1.77.Final.jar:/Users/harishkasam/.m2/repository/io/netty/netty-transport-native-unix-common/4.1.77.Final/netty-transport-native-unix-common-4.1.77.Final.jar:/Users/harishkasam/.m2/repository/io/netty/netty-transport/4.1.77.Final/netty-transport-4.1.77.Final.jar:/Users/harishkasam/.m2/repository/io/netty/netty-resolver/4.1.77.Final/netty-resolver-4.1.77.Final.jar:/Users/harishkasam/.m2/repository/io/opentelemetry/opentelemetry-api/1.14.0/opentelemetry-api-1.14.0.jar:/Users/harishkasam/.m2/repository/io/opentelemetry/opentelemetry-context/1.14.0/opentelemetry-context-1.14.0.jar:/Users/harishkasam/.m2/repository/io/opentelemetry/opentelemetry-exporter-logging/1.14.0/opentelemetry-exporter-logging-1.14.0.jar:/Users/harishkasam/.m2/repository/io/opentelemetry/opentelemetry-sdk-metrics/1.14.0/opentelemetry-sdk-metrics-1.14.0.jar:/Users/harishkasam/.m2/repository/io/opentelemetry/opentelemetry-sdk-logs/1.14.0-alpha/opentelemetry-sdk-logs-1.14.0-alpha.jar:/Users/harishkasam/.m2/repository/io/opentelemetry/opentelemetry-sdk-common/1.14.0/opentelemetry-sdk-common-1.14.0.jar:/Users/harishkasam/.m2/repository/io/opentelemetry/opentelemetry-sdk-extension-autoconfigure-spi/1.14.0/opentelemetry-sdk-extension-autoconfigure-spi-1.14.0.jar:/Users/harishkasam/.m2/repository/io/opentelemetry/opentelemetry-sdk-extension-autoconfigure/1.14.0-alpha/opentelemetry-sdk-extension-autoconfigure-1.14.0-alpha.jar:/Users/harishkasam/.m2/repository/io/opentelemetry/opentelemetry-sdk-trace/1.14.0/opentelemetry-sdk-trace-1.14.0.jar:/Users/harishkasam/.m2/repository/io/opentelemetry/opentelemetry-sdk/1.14.0/opentelemetry-sdk-1.14.0.jar:/Users/harishkasam/.m2/repository/io/opentelemetry/opentelemetry-semconv/1.14.0-alpha/opentelemetry-semconv-1.14.0-alpha.jar:/Users/harishkasam/.m2/repository/io/ous/jtoml/2.0.0/jtoml-2.0.0.jar:/Users/harishkasam/.m2/repository/net/bytebuddy/byte-buddy/1.12.10/byte-buddy-1.12.10.jar:/Users/harishkasam/.m2/repository/org/apache/commons/commons-exec/1.3/commons-exec-1.3.jar:/Users/harishkasam/.m2/repository/org/asynchttpclient/async-http-client/2.12.3/async-http-client-2.12.3.jar:/Users/harishkasam/.m2/repository/org/asynchttpclient/async-http-client-netty-utils/2.12.3/async-http-client-netty-utils-2.12.3.jar:/Users/harishkasam/.m2/repository/io/netty/netty-codec-socks/4.1.60.Final/netty-codec-socks-4.1.60.Final.jar:/Users/harishkasam/.m2/repository/io/netty/netty-handler-proxy/4.1.60.Final/netty-handler-proxy-4.1.60.Final.jar:/Users/harishkasam/.m2/repository/io/netty/netty-transport-native-epoll/4.1.60.Final/netty-transport-native-epoll-4.1.60.Final-linux-x86_64.jar:/Users/harishkasam/.m2/repository/io/netty/netty-transport-native-kqueue/4.1.60.Final/netty-transport-native-kqueue-4.1.60.Final-osx-x86_64.jar:/Users/harishkasam/.m2/repository/org/reactivestreams/reactive-streams/1.0.3/reactive-streams-1.0.3.jar:/Users/harishkasam/.m2/repository/com/typesafe/netty/netty-reactive-streams/2.0.4/netty-reactive-streams-2.0.4.jar:/Users/harishkasam/.m2/repository/com/sun/activation/jakarta.activation/1.2.2/jakarta.activation-1.2.2.jar:/Users/harishkasam/.m2/repository/org/seleniumhq/selenium/selenium-http/4.2.1/selenium-http-4.2.1.jar:/Users/harishkasam/.m2/repository/dev/failsafe/failsafe/3.2.4/failsafe-3.2.4.jar:/Users/harishkasam/.m2/repository/org/seleniumhq/selenium/selenium-safari-driver/4.2.1/selenium-safari-driver-4.2.1.jar:/Users/harishkasam/.m2/repository/org/seleniumhq/selenium/selenium-support/4.2.1/selenium-support-4.2.1.jar:"/>
    <property name="sun.cpu.endian" value="little"/>
    <property name="user.home" value="/Users/harishkasam"/>
    <property name="user.language" value="en"/>
    <property name="java.specification.vendor" value="Oracle Corporation"/>
    <property name="java.version.date" value="2022-03-22"/>
    <property name="java.home" value="/usr/local/Cellar/openjdk/18/libexec/openjdk.jdk/Contents/Home"/>
    <property name="file.separator" value="/"/>
    <property name="basedir" value="/Users/harishkasam/Documents/Vaishnavi/Selenium-Framework/SeleniumFramework"/>
    <property name="java.vm.compressedOopsMode" value="Zero based"/>
    <property name="line.separator" value="&#10;"/>
    <property name="java.vm.specification.vendor" value="Oracle Corporation"/>
    <property name="java.specification.name" value="Java Platform API Specification"/>
    <property name="apple.awt.application.name" value="ForkedBooter"/>
    <property name="surefire.real.class.path" value="/Users/harishkasam/Documents/Vaishnavi/Selenium-Framework/SeleniumFramework/target/surefire/surefirebooter-20220804155730087_3.jar"/>
    <property name="sun.management.compiler" value="HotSpot 64-Bit Tiered Compilers"/>
    <property name="ftp.nonProxyHosts" value="local|*.local|169.254/16|*.169.254/16"/>
    <property name="java.runtime.version" value="18+0"/>
    <property name="user.name" value="harishkasam"/>
    <property name="path.separator" value=":"/>
    <property name="os.version" value="12.5"/>
    <property name="java.runtime.name" value="OpenJDK Runtime Environment"/>
    <property name="file.encoding" value="UTF-8"/>
    <property name="java.vm.name" value="OpenJDK 64-Bit Server VM"/>
    <property name="java.vendor.version" value="Homebrew"/>
    <property name="localRepository" value="/Users/harishkasam/.m2/repository"/>
    <property name="java.vendor.url.bug" value="https://github.com/Homebrew/homebrew-core/issues"/>
    <property name="java.io.tmpdir" value="/var/folders/c1/9j308kts4px2dkkcl36y5xp80000gn/T/"/>
    <property name="java.version" value="18"/>
    <property name="user.dir" value="/Users/harishkasam/Documents/Vaishnavi/Selenium-Framework/SeleniumFramework"/>
    <property name="os.arch" value="x86_64"/>
    <property name="java.vm.specification.name" value="Java Virtual Machine Specification"/>
    <property name="native.encoding" value="UTF-8"/>
    <property name="java.library.path" value="/Users/harishkasam/Library/Java/Extensions:/Library/Java/Extensions:/Network/Library/Java/Extensions:/System/Library/Java/Extensions:/usr/lib/java:."/>
    <property name="java.vm.info" value="mixed mode, sharing"/>
    <property name="java.vendor" value="Homebrew"/>
    <property name="java.vm.version" value="18+0"/>
    <property name="sun.io.unicode.encoding" value="UnicodeBig"/>
    <property name="socksNonProxyHosts" value="local|*.local|169.254/16|*.169.254/16"/>
    <property name="java.class.version" value="62.0"/>
  </properties>
  <testcase name="Test" classname="tests.LoginPageTests" time="1.888">
    <system-err><![CDATA[SLF4J: Failed to load class "org.slf4j.impl.StaticLoggerBinder".
SLF4J: Defaulting to no-operation (NOP) logger implementation
SLF4J: See http://www.slf4j.org/codes.html#StaticLoggerBinder for further details.
SSttaarrttiinngg  CChhrormomeeDDrriivevrer  110033.0..050.56060.1304. 1(384e c(68fecce64f0c3eb430f3ebb30f8e6b90b806793b20e7d3a28ebdda985b0d1915d031313dc3-3r3ecf-sr/ebfrsa/nbcrha-nhceha-dhse/a5d0s6/05@0{6#01@2{6#21}2)62} )o no np oprotr t5 05711987
1O
nlyO nlloyc all occoanln eccotninoencst iaornes  aalrleo waeldl.o
wePdl.e
aPslee asseee  shetet phst:t/p/sc:h/r/ocmherdormievderri.vcehrr.ocmhiruomm.iourmg./osregc/usreictuyr-ictoyn-sciodnesriadteiroantsi ofnosr  fsourg gseusgtgieonsst ioonn sk eoenp iknege pCihnrgo mCehDrroimveeDrr isvaefre .s
afe.
CChhrroommeeDrDirvievre rw awsa ss tsatratretde ds usucccceessssffuullllyy..

[1659643054.080][WARNING]: This version of ChromeDriver has not been tested with Chrome version 104.
[1659643054.229][WARNING]: This version of ChromeDriver has not been tested with Chrome version 104.
Aug 04, 2022 3:57:34 PM org.openqa.selenium.remote.ProtocolHandshake createSession
INFO: Detected upstream dialect: W3C
Aug 04, 2022 3:57:34 PM org.openqa.selenium.remote.ProtocolHandshake createSession
INFO: Detected upstream dialect: W3C
Aug 04, 2022 3:57:34 PM org.openqa.selenium.devtools.CdpVersionFinder findNearestMatch
WARNING: Unable to find an exact match for CDP version 104, so returning the closest version found: 102
Aug 04, 2022 3:57:34 PM org.openqa.selenium.devtools.CdpVersionFinder findNearestMatch
INFO: Found CDP implementation for version 104 of 102
Aug 04, 2022 3:57:34 PM org.openqa.selenium.devtools.CdpVersionFinder findNearestMatch
WARNING: Unable to find an exact match for CDP version 104, so returning the closest version found: 102
Aug 04, 2022 3:57:34 PM org.openqa.selenium.devtools.CdpVersionFinder findNearestMatch
INFO: Found CDP implementation for version 104 of 102
]]></system-err>
  </testcase>
  <testcase name="Test" classname="tests.HomePageTests" time="1.968">
    <failure message="stale element reference: element is not attached to the page document&#10;  (Session info: chrome=104.0.5112.79)&#10;For documentation on this error, please visit: https://selenium.dev/exceptions/#stale_element_reference&#10;Build info: version: &apos;4.2.1&apos;, revision: &apos;ac4d0fdd4a&apos;&#10;System info: host: &apos;Harishs-MBP.attlocal.net&apos;, ip: &apos;2600:1700:aa92:1b30:0:0:0:17%en0&apos;, os.name: &apos;Mac OS X&apos;, os.arch: &apos;x86_64&apos;, os.version: &apos;12.5&apos;, java.version: &apos;18&apos;&#10;Driver info: org.openqa.selenium.chrome.ChromeDriver&#10;Command: [8e7848975840527403d9dea8947eca3e, sendKeysToElement {id=1896f456-8be5-4706-b5b6-d8708626cf14, value=[Ljava.lang.CharSequence;@69cf7089}]&#10;Capabilities {acceptInsecureCerts: false, browserName: chrome, browserVersion: 104.0.5112.79, chrome: {chromedriverVersion: 103.0.5060.134 (8ec6fce403b..., userDataDir: /var/folders/c1/9j308kts4px...}, goog:chromeOptions: {debuggerAddress: localhost:49640}, networkConnectionEnabled: false, pageLoadStrategy: normal, platformName: MAC, proxy: Proxy(), se:cdp: ws://localhost:49640/devtoo..., se:cdpVersion: 104.0.5112.79, setWindowRect: true, strictFileInteractability: false, timeouts: {implicit: 0, pageLoad: 300000, script: 30000}, unhandledPromptBehavior: dismiss and notify, webauthn:extension:credBlob: true, webauthn:extension:largeBlob: true, webauthn:virtualAuthenticators: true}&#10;Element: [[ChromeDriver: chrome on MAC (8e7848975840527403d9dea8947eca3e)] -&gt; name: q]&#10;Session ID: 8e7848975840527403d9dea8947eca3e" type="org.openqa.selenium.StaleElementReferenceException"><![CDATA[org.openqa.selenium.StaleElementReferenceException: 
stale element reference: element is not attached to the page document
  (Session info: chrome=104.0.5112.79)
For documentation on this error, please visit: https://selenium.dev/exceptions/#stale_element_reference
Build info: version: '4.2.1', revision: 'ac4d0fdd4a'
System info: host: 'Harishs-MBP.attlocal.net', ip: '2600:1700:aa92:1b30:0:0:0:17%en0', os.name: 'Mac OS X', os.arch: 'x86_64', os.version: '12.5', java.version: '18'
Driver info: org.openqa.selenium.chrome.ChromeDriver
Command: [8e7848975840527403d9dea8947eca3e, sendKeysToElement {id=1896f456-8be5-4706-b5b6-d8708626cf14, value=[Ljava.lang.CharSequence;@69cf7089}]
Capabilities {acceptInsecureCerts: false, browserName: chrome, browserVersion: 104.0.5112.79, chrome: {chromedriverVersion: 103.0.5060.134 (8ec6fce403b..., userDataDir: /var/folders/c1/9j308kts4px...}, goog:chromeOptions: {debuggerAddress: localhost:49640}, networkConnectionEnabled: false, pageLoadStrategy: normal, platformName: MAC, proxy: Proxy(), se:cdp: ws://localhost:49640/devtoo..., se:cdpVersion: 104.0.5112.79, setWindowRect: true, strictFileInteractability: false, timeouts: {implicit: 0, pageLoad: 300000, script: 30000}, unhandledPromptBehavior: dismiss and notify, webauthn:extension:credBlob: true, webauthn:extension:largeBlob: true, webauthn:virtualAuthenticators: true}
Element: [[ChromeDriver: chrome on MAC (8e7848975840527403d9dea8947eca3e)] -> name: q]
Session ID: 8e7848975840527403d9dea8947eca3e
	at java.base/jdk.internal.reflect.DirectConstructorHandleAccessor.newInstance(DirectConstructorHandleAccessor.java:67)
	at java.base/java.lang.reflect.Constructor.newInstanceWithCaller(Constructor.java:499)
	at java.base/java.lang.reflect.Constructor.newInstance(Constructor.java:483)
	at org.openqa.selenium.remote.codec.w3c.W3CHttpResponseCodec.createException(W3CHttpResponseCodec.java:200)
	at org.openqa.selenium.remote.codec.w3c.W3CHttpResponseCodec.decode(W3CHttpResponseCodec.java:133)
	at org.openqa.selenium.remote.codec.w3c.W3CHttpResponseCodec.decode(W3CHttpResponseCodec.java:53)
	at org.openqa.selenium.remote.HttpCommandExecutor.execute(HttpCommandExecutor.java:184)
	at org.openqa.selenium.remote.service.DriverCommandExecutor.invokeExecute(DriverCommandExecutor.java:167)
	at org.openqa.selenium.remote.service.DriverCommandExecutor.execute(DriverCommandExecutor.java:142)
	at org.openqa.selenium.remote.RemoteWebDriver.execute(RemoteWebDriver.java:551)
	at org.openqa.selenium.remote.RemoteWebElement.execute(RemoteWebElement.java:257)
	at org.openqa.selenium.remote.RemoteWebElement.sendKeys(RemoteWebElement.java:113)
	at tests.HomePageTests.Test(HomePageTests.java:18)
	at java.base/jdk.internal.reflect.DirectMethodHandleAccessor.invoke(DirectMethodHandleAccessor.java:104)
	at java.base/java.lang.reflect.Method.invoke(Method.java:577)
	at org.testng.internal.invokers.MethodInvocationHelper.invokeMethod(MethodInvocationHelper.java:139)
	at org.testng.internal.invokers.TestInvoker.invokeMethod(TestInvoker.java:677)
	at org.testng.internal.invokers.TestInvoker.invokeTestMethod(TestInvoker.java:221)
	at org.testng.internal.invokers.MethodRunner.runInSequence(MethodRunner.java:50)
	at org.testng.internal.invokers.TestInvoker$MethodInvocationAgent.invoke(TestInvoker.java:962)
	at org.testng.internal.invokers.TestInvoker.invokeTestMethods(TestInvoker.java:194)
	at org.testng.internal.invokers.TestMethodWorker.invokeTestMethods(TestMethodWorker.java:148)
	at org.testng.internal.invokers.TestMethodWorker.run(TestMethodWorker.java:128)
	at java.base/java.util.concurrent.ThreadPoolExecutor.runWorker(ThreadPoolExecutor.java:1136)
	at java.base/java.util.concurrent.ThreadPoolExecutor$Worker.run(ThreadPoolExecutor.java:635)
	at java.base/java.lang.Thread.run(Thread.java:833)
]]></failure>
  </testcase>
  <testcase name="tearDown" classname="tests.HomePageTests" time="2.049">
    <failure message="Timed out waiting for driver server to stop.&#10;Build info: version: &apos;4.2.1&apos;, revision: &apos;ac4d0fdd4a&apos;&#10;System info: host: &apos;Harishs-MBP.attlocal.net&apos;, ip: &apos;2600:1700:aa92:1b30:0:0:0:17%en0&apos;, os.name: &apos;Mac OS X&apos;, os.arch: &apos;x86_64&apos;, os.version: &apos;12.5&apos;, java.version: &apos;18&apos;&#10;Driver info: org.openqa.selenium.chrome.ChromeDriver&#10;Command: [8e7848975840527403d9dea8947eca3e, quit {}]&#10;Capabilities {acceptInsecureCerts: false, browserName: chrome, browserVersion: 104.0.5112.79, chrome: {chromedriverVersion: 103.0.5060.134 (8ec6fce403b..., userDataDir: /var/folders/c1/9j308kts4px...}, goog:chromeOptions: {debuggerAddress: localhost:49640}, networkConnectionEnabled: false, pageLoadStrategy: normal, platformName: MAC, proxy: Proxy(), se:cdp: ws://localhost:49640/devtoo..., se:cdpVersion: 104.0.5112.79, setWindowRect: true, strictFileInteractability: false, timeouts: {implicit: 0, pageLoad: 300000, script: 30000}, unhandledPromptBehavior: dismiss and notify, webauthn:extension:credBlob: true, webauthn:extension:largeBlob: true, webauthn:virtualAuthenticators: true}&#10;Session ID: 8e7848975840527403d9dea8947eca3e" type="org.openqa.selenium.WebDriverException"><![CDATA[org.openqa.selenium.WebDriverException: 
Timed out waiting for driver server to stop.
Build info: version: '4.2.1', revision: 'ac4d0fdd4a'
System info: host: 'Harishs-MBP.attlocal.net', ip: '2600:1700:aa92:1b30:0:0:0:17%en0', os.name: 'Mac OS X', os.arch: 'x86_64', os.version: '12.5', java.version: '18'
Driver info: org.openqa.selenium.chrome.ChromeDriver
Command: [8e7848975840527403d9dea8947eca3e, quit {}]
Capabilities {acceptInsecureCerts: false, browserName: chrome, browserVersion: 104.0.5112.79, chrome: {chromedriverVersion: 103.0.5060.134 (8ec6fce403b..., userDataDir: /var/folders/c1/9j308kts4px...}, goog:chromeOptions: {debuggerAddress: localhost:49640}, networkConnectionEnabled: false, pageLoadStrategy: normal, platformName: MAC, proxy: Proxy(), se:cdp: ws://localhost:49640/devtoo..., se:cdpVersion: 104.0.5112.79, setWindowRect: true, strictFileInteractability: false, timeouts: {implicit: 0, pageLoad: 300000, script: 30000}, unhandledPromptBehavior: dismiss and notify, webauthn:extension:credBlob: true, webauthn:extension:largeBlob: true, webauthn:virtualAuthenticators: true}
Session ID: 8e7848975840527403d9dea8947eca3e
	at org.openqa.selenium.remote.service.DriverCommandExecutor.execute(DriverCommandExecutor.java:132)
	at org.openqa.selenium.remote.RemoteWebDriver.execute(RemoteWebDriver.java:551)
	at org.openqa.selenium.remote.RemoteWebDriver.execute(RemoteWebDriver.java:606)
	at org.openqa.selenium.remote.RemoteWebDriver.execute(RemoteWebDriver.java:610)
	at org.openqa.selenium.remote.RemoteWebDriver.quit(RemoteWebDriver.java:447)
	at org.openqa.selenium.chromium.ChromiumDriver.quit(ChromiumDriver.java:291)
	at driver.Driver.quitDriver(Driver.java:28)
	at tests.BaseTest.tearDown(BaseTest.java:23)
	at java.base/jdk.internal.reflect.DirectMethodHandleAccessor.invoke(DirectMethodHandleAccessor.java:104)
	at java.base/java.lang.reflect.Method.invoke(Method.java:577)
	at org.testng.internal.invokers.MethodInvocationHelper.invokeMethod(MethodInvocationHelper.java:139)
	at org.testng.internal.invokers.MethodInvocationHelper.invokeMethodConsideringTimeout(MethodInvocationHelper.java:69)
	at org.testng.internal.invokers.ConfigInvoker.invokeConfigurationMethod(ConfigInvoker.java:361)
	at org.testng.internal.invokers.ConfigInvoker.invokeConfigurations(ConfigInvoker.java:296)
	at org.testng.internal.invokers.TestInvoker.runConfigMethods(TestInvoker.java:816)
	at org.testng.internal.invokers.TestInvoker.runAfterConfigurations(TestInvoker.java:785)
	at org.testng.internal.invokers.TestInvoker.invokeMethod(TestInvoker.java:761)
	at org.testng.internal.invokers.TestInvoker.invokeTestMethod(TestInvoker.java:221)
	at org.testng.internal.invokers.MethodRunner.runInSequence(MethodRunner.java:50)
	at org.testng.internal.invokers.TestInvoker$MethodInvocationAgent.invoke(TestInvoker.java:962)
	at org.testng.internal.invokers.TestInvoker.invokeTestMethods(TestInvoker.java:194)
	at org.testng.internal.invokers.TestMethodWorker.invokeTestMethods(TestMethodWorker.java:148)
	at org.testng.internal.invokers.TestMethodWorker.run(TestMethodWorker.java:128)
	at java.base/java.util.concurrent.ThreadPoolExecutor.runWorker(ThreadPoolExecutor.java:1136)
	at java.base/java.util.concurrent.ThreadPoolExecutor$Worker.run(ThreadPoolExecutor.java:635)
	at java.base/java.lang.Thread.run(Thread.java:833)
Caused by: java.util.concurrent.ExecutionException: java.io.UncheckedIOException: org.asynchttpclient.exception.RemotelyClosedException: Remotely closed
	at java.base/java.util.concurrent.CompletableFuture.reportGet(CompletableFuture.java:396)
	at java.base/java.util.concurrent.CompletableFuture.get(CompletableFuture.java:2096)
	at org.openqa.selenium.remote.service.DriverCommandExecutor.execute(DriverCommandExecutor.java:128)
	... 25 more
Caused by: java.io.UncheckedIOException: org.asynchttpclient.exception.RemotelyClosedException: Remotely closed
	at org.openqa.selenium.remote.http.netty.NettyHttpHandler.makeCall(NettyHttpHandler.java:73)
	at org.openqa.selenium.remote.http.AddSeleniumUserAgent.lambda$apply$0(AddSeleniumUserAgent.java:42)
	at org.openqa.selenium.remote.http.Filter.lambda$andFinally$1(Filter.java:56)
	at org.openqa.selenium.remote.http.netty.NettyHttpHandler.execute(NettyHttpHandler.java:49)
	at org.openqa.selenium.remote.http.AddSeleniumUserAgent.lambda$apply$0(AddSeleniumUserAgent.java:42)
	at org.openqa.selenium.remote.http.Filter.lambda$andFinally$1(Filter.java:56)
	at org.openqa.selenium.remote.http.netty.NettyClient.execute(NettyClient.java:98)
	at org.openqa.selenium.remote.HttpCommandExecutor.execute(HttpCommandExecutor.java:181)
	at org.openqa.selenium.remote.service.DriverCommandExecutor.invokeExecute(DriverCommandExecutor.java:167)
	at org.openqa.selenium.remote.service.DriverCommandExecutor.lambda$execute$1(DriverCommandExecutor.java:105)
	at java.base/java.util.concurrent.CompletableFuture$AsyncSupply.run(CompletableFuture.java:1768)
	... 3 more
Caused by: org.asynchttpclient.exception.RemotelyClosedException: Remotely closed
	at org.asynchttpclient.exception.RemotelyClosedException.INSTANCE(Unknown Source)
]]></failure>
  </testcase>
</testsuite>