<?xml version="1.0" encoding="UTF-8"?>
<!-- Generated by org.testng.reporters.JUnitReportReporter -->
<testsuite hostname="Harishs-MBP.attlocal.net" failures="0" tests="1" name="tests.LoginPageTests" time="7.456" errors="0" timestamp="2022-08-04T15:57:38 EDT" skipped="0">
  <testcase classname="tests.LoginPageTests" name="Test" time="7.456"/>
  <system-out/>
</testsuite> <!-- tests.LoginPageTests -->
